<?xml version="1.0" encoding="UTF-8"?>
<!-- Generated by org.testng.reporters.JUnitXMLReporter -->
<testsuite ignored="0" hostname="Pournima" failures="0" tests="4" name="Default test" time="10.355" errors="0" timestamp="2025-03-18T09:00:10 IST">
  <testcase classname="api.test.dataDrivenTests" name="testPostUser" time="4.569"/>
  <testcase classname="api.test.dataDrivenTests" name="testPostUser" time="1.208"/>
  <testcase classname="api.test.dataDrivenTests" name="testPostUser" time="1.136"/>
  <testcase classname="api.test.dataDrivenTests" name="testPostUser" time="1.114"/>
</testsuite> <!-- Default test -->
