<?xml version="1.0" encoding="UTF-8"?>
<testng-results ignored="0" total="4" passed="4" failed="0" skipped="0">
  <reporter-output>
  </reporter-output>
  <suite started-at="2025-03-18T14:01:30 IST" name="PetSuite" finished-at="2025-03-18T14:01:43 IST" duration-ms="12574">
    <groups>
    </groups>
    <test started-at="2025-03-18T14:01:30 IST" name="PetTests" finished-at="2025-03-18T14:01:43 IST" duration-ms="12574">
      <class name="api.test.userTest">
        <test-method is-config="true" signature="setupData()[pri:0, instance:api.test.userTest@130d63be]" started-at="2025-03-18T14:01:31 IST" name="setupData" finished-at="2025-03-18T14:01:31 IST" duration-ms="761" status="PASS">
          <reporter-output>
          </reporter-output>
        </test-method> <!-- setupData -->
        <test-method signature="testPostUser()[pri:1, instance:api.test.userTest@130d63be]" started-at="2025-03-18T14:01:31 IST" name="testPostUser" finished-at="2025-03-18T14:01:38 IST" duration-ms="6640" status="PASS">
          <reporter-output>
          </reporter-output>
        </test-method> <!-- testPostUser -->
        <test-method signature="testGetUsername()[pri:2, instance:api.test.userTest@130d63be]" started-at="2025-03-18T14:01:38 IST" name="testGetUsername" finished-at="2025-03-18T14:01:39 IST" duration-ms="1197" status="PASS">
          <reporter-output>
          </reporter-output>
        </test-method> <!-- testGetUsername -->
        <test-method signature="testUpdateUserByname()[pri:3, instance:api.test.userTest@130d63be]" started-at="2025-03-18T14:01:39 IST" name="testUpdateUserByname" finished-at="2025-03-18T14:01:42 IST" duration-ms="2560" status="PASS">
          <reporter-output>
          </reporter-output>
        </test-method> <!-- testUpdateUserByname -->
        <test-method signature="DeleteUserByname()[pri:4, instance:api.test.userTest@130d63be]" started-at="2025-03-18T14:01:42 IST" name="DeleteUserByname" finished-at="2025-03-18T14:01:43 IST" duration-ms="1138" status="PASS">
          <reporter-output>
          </reporter-output>
        </test-method> <!-- DeleteUserByname -->
      </class> <!-- api.test.userTest -->
    </test> <!-- PetTests -->
  </suite> <!-- PetSuite -->
</testng-results>
