<?xml version="1.0" encoding="UTF-8"?>
<!-- Generated by org.testng.reporters.JUnitXMLReporter -->
<testsuite ignored="0" hostname="Pournima" failures="0" tests="4" name="PetTests" time="12.574" errors="0" timestamp="2025-03-18T14:01:43 IST">
  <testcase classname="api.test.userTest" name="testPostUser" time="6.64"/>
  <testcase classname="api.test.userTest" name="testGetUsername" time="1.197"/>
  <testcase classname="api.test.userTest" name="testUpdateUserByname" time="2.56"/>
  <testcase classname="api.test.userTest" name="DeleteUserByname" time="1.138"/>
</testsuite> <!-- PetTests -->
