<?xml version="1.0" encoding="UTF-8"?>
<!-- Generated by org.testng.reporters.JUnitXMLReporter -->
<testsuite ignored="0" hostname="Pournima" failures="1" tests="4" name="PetTests" time="10.859" errors="0" timestamp="2025-03-18T10:48:49 IST">
  <testcase classname="api.test.userTest" name="testPostUser" time="3.627"/>
  <testcase classname="api.test.userTest" name="testGetUsername" time="1.376">
    <failure type="java.lang.AssertionError" message="expected [200] but found [404]">
      <![CDATA[java.lang.AssertionError: expected [200] but found [404]
at api.test.userTest.testGetUsername(userTest.java:54)
at java.base/java.util.ArrayList.forEach(ArrayList.java:1597)
... Removed 32 stack frames]]>
    </failure>
  </testcase> <!-- testGetUsername -->
  <testcase classname="api.test.userTest" name="testUpdateUserByname" time="2.565"/>
  <testcase classname="api.test.userTest" name="DeleteUserByname" time="1.929"/>
</testsuite> <!-- PetTests -->
